{"level":"info","message":"Hugging Face provider initialized successfully (FREE!)","service":"coaz-chatbot","timestamp":"2025-10-18T11:31:17.681Z"}
{"level":"info","message":"AI Provider: huggingface","service":"coaz-chatbot","timestamp":"2025-10-18T11:31:17.685Z"}
{"level":"info","message":"🚀 COAZ Chatbot server running on port 8080","service":"coaz-chatbot","timestamp":"2025-10-18T11:31:18.648Z"}
{"level":"info","message":"📊 Environment: development","service":"coaz-chatbot","timestamp":"2025-10-18T11:31:18.648Z"}
{"level":"info","message":"🤖 AI Provider: huggingface","service":"coaz-chatbot","timestamp":"2025-10-18T11:31:18.649Z"}
{"level":"info","message":"🌐 CORS Origins: http://localhost:3000, https://coaz.org","service":"coaz-chatbot","timestamp":"2025-10-18T11:31:18.649Z"}
{"level":"info","message":"Hugging Face provider initialized successfully (FREE!)","service":"coaz-chatbot","timestamp":"2025-10-18T11:44:09.247Z"}
{"level":"info","message":"AI Provider: huggingface","service":"coaz-chatbot","timestamp":"2025-10-18T11:44:09.252Z"}
{"level":"info","message":"🚀 COAZ Chatbot server running on port 8080","service":"coaz-chatbot","timestamp":"2025-10-18T11:44:10.229Z"}
{"level":"info","message":"📊 Environment: development","service":"coaz-chatbot","timestamp":"2025-10-18T11:44:10.230Z"}
{"level":"info","message":"🤖 AI Provider: huggingface","service":"coaz-chatbot","timestamp":"2025-10-18T11:44:10.230Z"}
{"level":"info","message":"🌐 CORS Origins: http://localhost:3000, https://coaz.org","service":"coaz-chatbot","timestamp":"2025-10-18T11:44:10.230Z"}
{"level":"info","message":"Created new session: session_1760783817522_upqw88qhc","service":"coaz-simple-chatbot","timestamp":"2025-10-18T12:13:41.002Z"}
{"level":"info","message":"Created new session: session_1760783817522_upqw88qhc","service":"coaz-simple-chatbot","timestamp":"2025-10-18T12:17:34.869Z"}
{"level":"info","message":"Created new session: test","service":"coaz-simple-chatbot","timestamp":"2025-10-18T12:21:06.256Z"}
{"level":"info","message":"Created new session: session_1760791420060_cdsn9ztd4","service":"coaz-simple-chatbot","timestamp":"2025-10-18T12:47:57.202Z"}
{"level":"info","message":"Created new session: session_1760794306681_utsrjg4z4","service":"coaz-simple-chatbot","timestamp":"2025-10-18T13:31:51.725Z"}
{"level":"info","message":"Created new session: session_1760798416741_omksh62ym","service":"coaz-simple-chatbot","timestamp":"2025-10-18T14:40:24.043Z"}
{"level":"info","message":"Created new session: session_1760799979981_3577t5wvw","service":"coaz-simple-chatbot","timestamp":"2025-10-18T15:08:48.264Z"}
{"level":"info","message":"Created new session: session_1760800172384_j1f9kgbre","service":"coaz-simple-chatbot","timestamp":"2025-10-18T15:10:08.986Z"}
{"level":"info","message":"Created new session: session_1760800172384_j1f9kgbre","service":"coaz-simple-chatbot","timestamp":"2025-10-18T15:16:08.229Z"}
{"level":"info","message":"Session expired and cleaned up: session_1760800172384_j1f9kgbre","service":"coaz-simple-chatbot","timestamp":"2025-10-18T16:45:52.150Z"}
{"level":"info","message":"Created new session: session_1760827729361_nb7mbt0b6","service":"coaz-simple-chatbot","timestamp":"2025-10-18T22:48:57.694Z"}
{"level":"info","message":"Created new session: session_1760827729361_nb7mbt0b6","service":"coaz-simple-chatbot","timestamp":"2025-10-18T23:01:06.140Z"}
{"level":"info","message":"Created new session: test_model_indicator_1760828992438","service":"coaz-simple-chatbot","timestamp":"2025-10-18T23:09:52.505Z"}
{"level":"info","message":"Created new session: session_1760827729361_nb7mbt0b6","service":"coaz-simple-chatbot","timestamp":"2025-10-18T23:11:06.725Z"}
{"level":"info","message":"Created new session: session_1760827729361_nb7mbt0b6","service":"coaz-simple-chatbot","timestamp":"2025-10-18T23:19:25.125Z"}
{"level":"info","message":"Created new session: session_1760829728098_f279p2x0z","service":"coaz-simple-chatbot","timestamp":"2025-10-18T23:25:47.827Z"}
{"level":"info","message":"Created new session: session_1760830018810_eac4cj492","service":"coaz-simple-chatbot","timestamp":"2025-10-18T23:27:06.856Z"}
{"level":"info","message":"Created new session: session_1760830288087_gngu80h2u","service":"coaz-simple-chatbot","timestamp":"2025-10-18T23:32:58.341Z"}
{"level":"info","message":"Created new session: session_1760830905423_7zgmcg7vw","service":"coaz-simple-chatbot","timestamp":"2025-10-18T23:42:46.995Z"}
{"level":"info","message":"Created new session: session_1760830969245_42isw4x3m","service":"coaz-simple-chatbot","timestamp":"2025-10-18T23:43:53.183Z"}
{"level":"info","message":"Created new session: session_1760831227585_s3slyz3vt","service":"coaz-simple-chatbot","timestamp":"2025-10-18T23:48:43.128Z"}
{"level":"info","message":"Created new session: session_1760831365303_uo74mxq8l","service":"coaz-simple-chatbot","timestamp":"2025-10-18T23:49:34.731Z"}
{"level":"info","message":"Created new session: session_1761561634512_canlv626g","service":"coaz-simple-chatbot","timestamp":"2025-10-27T10:42:14.166Z"}
{"level":"info","message":"Created new session: session_1761559542209_ociu8mxid","service":"coaz-simple-chatbot","timestamp":"2025-10-27T11:20:47.380Z"}
{"level":"info","message":"Session expired and cleaned up: session_1761561634512_canlv626g","service":"coaz-simple-chatbot","timestamp":"2025-10-27T11:52:01.958Z"}
